<?xml version="1.0" encoding="UTF-8"?>
<!-- Generated by org.testng.reporters.JUnitReportReporter -->
<testsuite skipped="0" hostname="DKW1529" name="com.task.tests.HomePageTest" tests="1" failures="0" timestamp="28 Jun 2018 11:53:29 GMT" time="51.914" errors="0">
  <testcase name="verifyHomePageTitleTest" time="51.914" classname="com.task.tests.HomePageTest"/>
</testsuite> <!-- com.task.tests.HomePageTest -->
